<?xml version="1.0" encoding="UTF-8"?>
<!-- Generated by org.testng.reporters.JUnitXMLReporter -->
<testsuite hostname="student-virtual-machine" name="Command line test" tests="19" failures="0" timestamp="18 Sep 2015 12:10:32 GMT" time="41.468" errors="0">
  <testcase name="create" time="1.723" classname="za.ac.cput.assets.repository.DepartmentTest"/>
  <testcase name="create" time="0.413" classname="za.ac.cput.assets.repository.ItemTypeTest"/>
  <testcase name="create" time="0.215" classname="za.ac.cput.assets.repository.OwnerCrudTest"/>
  <testcase name="create" time="0.155" classname="za.ac.cput.assets.repository.RegionTest"/>
  <testcase name="create" time="0.214" classname="za.ac.cput.assets.repository.TypeCrudTest"/>
  <testcase name="read" time="1.52" classname="za.ac.cput.assets.repository.DepartmentTest"/>
  <testcase name="read" time="0.622" classname="za.ac.cput.assets.repository.ItemTypeTest"/>
  <testcase name="read" time="0.137" classname="za.ac.cput.assets.repository.OwnerCrudTest"/>
  <testcase name="read" time="0.005" classname="za.ac.cput.assets.repository.RegionTest"/>
  <testcase name="read" time="0.004" classname="za.ac.cput.assets.repository.TypeCrudTest"/>
  <testcase name="update" time="0.265" classname="za.ac.cput.assets.repository.DepartmentTest"/>
  <testcase name="update" time="0.102" classname="za.ac.cput.assets.repository.ItemTypeTest"/>
  <testcase name="update" time="0.094" classname="za.ac.cput.assets.repository.OwnerCrudTest"/>
  <testcase name="update" time="0.141" classname="za.ac.cput.assets.repository.RegionTest"/>
  <testcase name="update" time="0.378" classname="za.ac.cput.assets.repository.TypeCrudTest"/>
  <testcase name="delete" time="0.102" classname="za.ac.cput.assets.repository.DepartmentTest"/>
  <testcase name="delete" time="0.105" classname="za.ac.cput.assets.repository.ItemTypeTest"/>
  <testcase name="delete" time="0.055" classname="za.ac.cput.assets.repository.RegionTest"/>
  <testcase name="delete" time="0.109" classname="za.ac.cput.assets.repository.TypeCrudTest"/>
</testsuite> <!-- Command line test -->
