<?xml version="1.0" encoding="UTF-8" ?>
<testsuite failures="0" time="44.434" errors="0" skipped="0" tests="20" name="TestSuite">
  <properties>
[...]
</properties>
  <testcase time="1.656" classname="za.ac.cput.assets.repository.DepartmentTest" name="create"/>
  <testcase time="0.388" classname="za.ac.cput.assets.repository.ItemTypeTest" name="create"/>
  <testcase time="0.215" classname="za.ac.cput.assets.repository.OwnerCrudTest" name="create"/>
  <testcase time="0.156" classname="za.ac.cput.assets.repository.RegionTest" name="create"/>
  <testcase time="0.215" classname="za.ac.cput.assets.repository.TypeCrudTest" name="create"/>
  <testcase time="1.521" classname="za.ac.cput.assets.repository.DepartmentTest" name="read"/>
  <testcase time="0.622" classname="za.ac.cput.assets.repository.ItemTypeTest" name="read"/>
  <testcase time="0.136" classname="za.ac.cput.assets.repository.OwnerCrudTest" name="read"/>
  <testcase time="0.005" classname="za.ac.cput.assets.repository.RegionTest" name="read"/>
  <testcase time="0.004" classname="za.ac.cput.assets.repository.TypeCrudTest" name="read"/>
  <testcase time="0.266" classname="za.ac.cput.assets.repository.DepartmentTest" name="update"/>
  <testcase time="0.085" classname="za.ac.cput.assets.repository.ItemTypeTest" name="update"/>
  <testcase time="0.095" classname="za.ac.cput.assets.repository.OwnerCrudTest" name="update"/>
  <testcase time="0.14" classname="za.ac.cput.assets.repository.RegionTest" name="update"/>
  <testcase time="0.378" classname="za.ac.cput.assets.repository.TypeCrudTest" name="update"/>
  <testcase time="0.101" classname="za.ac.cput.assets.repository.DepartmentTest" name="delete"/>
  <testcase time="0.106" classname="za.ac.cput.assets.repository.ItemTypeTest" name="delete"/>
  <testcase time="0.055" classname="za.ac.cput.assets.repository.RegionTest" name="delete"/>
  <testcase time="0.108" classname="za.ac.cput.assets.repository.TypeCrudTest" name="delete"/>
  <testcase time="0.002" classname="za.ac.cput.assets.AppTest" name="testApp on testApp"/>
</testsuite>